0: 0x2008FFFF addi $8, $0, -1
>>> $8 = -1
1: 0x2009FF01 addi $9, $0, -255
>>> $9 = -255
2: 0x3C0A7FFF lui  $10, 32767
>>> $10 = 2147418112
3: 0x354AFFFF ori  $10, $10, -1
>>> $10 = -1
4: 0x200B0001 addi $11, $0, 1
>>> $11 = 1
5: 0x01080018 mult $8, $8
>>> HI = 0
>>> LO = 1
6: 0x01290018 mult $9, $9
>>> HI = 0
>>> LO = 65025
7: 0x012A0018 mult $9, $10
>>> HI = 0
>>> LO = 255
8: 0x012B0018 mult $9, $11
>>> HI = -1
>>> LO = -255
9: 0x014A0018 mult $10, $10
>>> HI = 0
>>> LO = 1
10: 0x01090018 mult $8, $9
>>> HI = 0
>>> LO = 255
